[2025-04-07 04:03:51] Login attempt for username: admin
[2025-04-07 04:03:51] Login successful for user ID: 1
[2025-04-07 04:03:51] Set session data: {"admin_id":1,"admin_username":"admin","admin_name":"Administrator","admin_login_time":1743998631}
[2025-04-07 04:03:51] User already logged in, redirecting to dashboard
[2025-04-07 04:06:54] Login attempt for username: admin
[2025-04-07 04:06:54] Login successful for user ID: 1
[2025-04-07 04:06:54] Set session data: {"admin_id":1,"admin_username":"admin","admin_name":"Administrator","admin_login_time":1743998814}
[2025-04-07 04:06:54] User already logged in, redirecting to dashboard
[2025-04-07 05:16:18] User already logged in, redirecting to dashboard
[2025-04-07 05:16:25] User already logged in, redirecting to dashboard
[2025-04-07 05:16:28] User already logged in, redirecting to dashboard
[2025-04-07 05:16:36] User already logged in, redirecting to dashboard
[2025-04-07 05:16:37] User already logged in, redirecting to dashboard
[2025-04-07 05:16:45] User already logged in, redirecting to dashboard
[2025-04-07 05:16:51] User already logged in, redirecting to dashboard
[2025-04-07 05:20:03] User already logged in, redirecting to dashboard
[2025-04-07 05:20:08] Login attempt for username: admin
[2025-04-07 05:20:08] Login successful for user ID: 1
[2025-04-07 05:20:08] Set session data: {"admin_id":1,"admin_username":"admin","admin_name":"Administrator","admin_login_time":1744003208}
[2025-04-07 05:20:08] User already logged in, redirecting to dashboard
[2025-04-07 05:20:16] Login attempt for username: admin
[2025-04-07 05:20:17] Login failed: Invalid password for user: admin
[2025-04-07 05:20:21] Login attempt for username: admin
[2025-04-07 05:20:21] Login successful for user ID: 1
[2025-04-07 05:20:21] Set session data: {"admin_id":1,"admin_username":"admin","admin_name":"Administrator","admin_login_time":1744003221}
[2025-04-07 05:20:21] User already logged in, redirecting to dashboard
[2025-04-07 05:47:26] Login attempt for username: admin
[2025-04-07 05:47:26] Login successful for user ID: 1
[2025-04-07 05:47:26] Set session data: {"admin_id":1,"admin_username":"admin","admin_name":"Administrator","admin_login_time":1744004846}
[2025-04-07 05:47:26] User already logged in, redirecting to dashboard
[2025-04-07 05:56:58] Login attempt for username: admin
[2025-04-07 05:56:58] Login successful for user ID: 1
[2025-04-07 05:56:58] Set session data: {"admin_id":1,"admin_username":"admin","admin_name":"Administrator","admin_login_time":1744005418}
[2025-04-07 05:56:58] User already logged in, redirecting to dashboard
[2025-04-07 05:59:38] Login attempt for username: admin
[2025-04-07 05:59:38] Login successful for user ID: 1
[2025-04-07 05:59:38] Set session data: {"admin_id":1,"admin_username":"admin","admin_name":"Administrator","admin_login_time":1744005578}
[2025-04-07 05:59:38] User already logged in, redirecting to dashboard
[2025-04-07 06:04:46] User already logged in, redirecting to dashboard
[2025-04-07 06:04:52] User already logged in, redirecting to dashboard
[2025-04-07 06:05:21] User already logged in, redirecting to dashboard
[2025-04-07 06:06:21] User already logged in, redirecting to dashboard
[2025-04-07 06:06:54] User already logged in, redirecting to dashboard
[2025-04-07 06:10:38] Login attempt for username: admin
[2025-04-07 06:10:38] Login successful for user ID: 1
[2025-04-07 06:10:38] Set session data: {"admin_id":1,"admin_username":"admin","admin_name":"Administrator","admin_login_time":1744006238}
[2025-04-07 06:10:38] User already logged in, redirecting to dashboard
[2025-04-07 06:10:50] User already logged in, redirecting to dashboard
[2025-04-07 06:10:58] User already logged in, redirecting to dashboard
[2025-04-07 06:11:01] User already logged in, redirecting to dashboard
[2025-04-07 06:57:09] Login attempt for username: admin
[2025-04-07 06:57:09] Login successful for user ID: 1
[2025-04-07 06:57:09] Set session data: {"admin_id":1,"admin_username":"admin","admin_name":"Administrator","admin_login_time":1744009029}
[2025-04-07 06:57:09] User already logged in, redirecting to dashboard
[2025-04-07 06:57:32] User already logged in, redirecting to dashboard
[2025-04-07 06:57:37] User already logged in, redirecting to dashboard
[2025-04-07 06:57:43] User already logged in, redirecting to dashboard
[2025-04-07 07:01:17] Login attempt for username: admin
[2025-04-07 07:01:18] Login successful for user ID: 1
[2025-04-07 07:01:18] Set session data: {"admin_id":1,"admin_username":"admin","admin_name":"Administrator","admin_login_time":1744009278}
[2025-04-07 07:01:18] User already logged in, redirecting to dashboard
[2025-04-07 07:01:29] User already logged in, redirecting to dashboard
[2025-04-07 07:01:34] User already logged in, redirecting to dashboard
[2025-04-07 07:01:38] User already logged in, redirecting to dashboard
[2025-04-07 07:15:31] Login attempt for username: admin
[2025-04-07 07:15:31] Login successful for user ID: 1
[2025-04-07 07:15:31] Set session data: {"admin_id":1,"admin_username":"admin","admin_name":"Administrator","admin_login_time":1744010131}
[2025-04-07 07:15:31] User already logged in, redirecting to dashboard
[2025-04-07 07:17:15] Login attempt for username: admin
[2025-04-07 07:17:15] Login successful for user ID: 1
[2025-04-07 07:17:15] Set session data: {"admin_id":1,"admin_username":"admin","admin_name":"Administrator","admin_login_time":1744010235}
[2025-04-07 07:17:15] User already logged in, redirecting to dashboard
[2025-04-07 07:17:20] User already logged in, redirecting to dashboard
[2025-04-07 07:17:25] User already logged in, redirecting to dashboard
[2025-04-07 07:17:29] User already logged in, redirecting to dashboard
[2025-04-07 07:18:17] User already logged in, redirecting to dashboard
[2025-04-07 07:21:06] User already logged in, redirecting to dashboard
[2025-04-07 07:21:09] User already logged in, redirecting to dashboard
[2025-04-07 07:21:19] User already logged in, redirecting to dashboard
[2025-04-07 07:28:45] Login attempt for username: admin
[2025-04-07 07:28:45] Login successful for user ID: 1
[2025-04-07 07:28:45] Set session data: {"admin_id":1,"admin_username":"admin","admin_name":"Administrator","admin_login_time":1744010925}
[2025-04-07 07:28:45] User already logged in, redirecting to dashboard
[2025-04-07 07:28:55] User already logged in, redirecting to dashboard
[2025-04-07 07:29:04] User already logged in, redirecting to dashboard
[2025-04-07 07:29:11] User already logged in, redirecting to dashboard
[2025-04-07 07:36:06] Login attempt for username: admin
[2025-04-07 07:36:06] Login successful for user ID: 1
[2025-04-07 07:36:06] Set session data: {"admin_id":1,"admin_username":"admin","admin_name":"Administrator","admin_login_time":1744011366}
[2025-04-07 07:36:06] User already logged in, redirecting to dashboard
[2025-04-07 07:36:12] User already logged in, redirecting to dashboard
[2025-04-07 07:36:14] User already logged in, redirecting to dashboard
[2025-04-07 07:36:18] User already logged in, redirecting to dashboard
[2025-04-07 07:36:39] User already logged in, redirecting to dashboard
[2025-04-07 07:36:42] User already logged in, redirecting to dashboard
[2025-04-07 07:36:46] User already logged in, redirecting to dashboard
[2025-04-07 07:40:20] Login attempt for username: admin
[2025-04-07 07:40:20] Login successful for user ID: 1
[2025-04-07 07:40:20] Set session data: {"admin_id":1,"admin_username":"admin","admin_name":"Administrator","admin_login_time":1744011620}
[2025-04-07 07:40:20] User already logged in, redirecting to dashboard
[2025-04-07 07:40:27] User already logged in, redirecting to dashboard
[2025-04-07 07:40:30] User already logged in, redirecting to dashboard
[2025-04-07 07:40:33] User already logged in, redirecting to dashboard
[2025-04-07 07:50:09] Login attempt for username: admin
[2025-04-07 07:50:09] Login successful for user ID: 1
[2025-04-07 07:50:09] Set session data: {"admin_id":1,"admin_username":"admin","admin_name":"Administrator","admin_login_time":1744012209}
[2025-04-07 07:50:09] User already logged in, redirecting to dashboard
[2025-04-07 07:50:17] User already logged in, redirecting to dashboard
[2025-04-07 07:50:19] User already logged in, redirecting to dashboard
[2025-04-07 07:50:24] User already logged in, redirecting to dashboard
[2025-04-07 07:59:15] Login attempt for username: admin
[2025-04-07 07:59:15] Login successful for user ID: 1
[2025-04-07 07:59:15] Set session data: {"admin_id":1,"admin_username":"admin","admin_name":"Administrator","admin_login_time":1744012755}
[2025-04-07 07:59:15] User already logged in, redirecting to dashboard
[2025-04-07 07:59:21] User already logged in, redirecting to dashboard
[2025-04-07 07:59:22] User already logged in, redirecting to dashboard
[2025-04-07 07:59:28] User already logged in, redirecting to dashboard
[2025-04-07 08:02:13] User already logged in, redirecting to dashboard
[2025-04-07 08:02:14] User already logged in, redirecting to dashboard
[2025-04-07 08:02:17] User already logged in, redirecting to dashboard
[2025-04-07 08:14:54] Login attempt for username: admin
[2025-04-07 08:14:55] Login successful for user ID: 1
[2025-04-07 08:14:55] Set session data: {"admin_id":1,"admin_username":"admin","admin_name":"Administrator","admin_login_time":1744013695}
[2025-04-07 08:14:55] User already logged in, redirecting to dashboard
[2025-04-07 08:19:42] User already logged in, redirecting to dashboard
[2025-04-07 08:20:00] Login attempt for username: admin
[2025-04-07 08:20:00] Login successful for user ID: 1
[2025-04-07 08:20:00] Set session data: {"admin_id":1,"admin_username":"admin","admin_name":"Administrator","admin_login_time":1744014000}
[2025-04-07 08:20:00] User already logged in, redirecting to dashboard
[2025-04-07 08:21:51] User already logged in, redirecting to dashboard
[2025-04-07 08:21:54] User already logged in, redirecting to dashboard
[2025-04-07 08:21:58] User already logged in, redirecting to dashboard
[2025-04-07 08:22:10] User already logged in, redirecting to dashboard
[2025-04-07 08:22:19] User already logged in, redirecting to dashboard
[2025-04-07 08:22:23] User already logged in, redirecting to dashboard
[2025-04-07 08:22:31] User already logged in, redirecting to dashboard
[2025-04-07 08:26:58] User already logged in, redirecting to dashboard
[2025-04-07 08:32:26] User already logged in, redirecting to dashboard
[2025-04-07 08:32:32] User already logged in, redirecting to dashboard
[2025-04-07 08:32:40] User already logged in, redirecting to dashboard
[2025-04-07 08:32:47] User already logged in, redirecting to dashboard
[2025-04-07 08:39:21] User already logged in, redirecting to dashboard
[2025-04-07 08:53:12] User already logged in, redirecting to dashboard
[2025-04-07 09:03:15] User already logged in, redirecting to dashboard
[2025-04-07 09:03:24] User already logged in, redirecting to dashboard
[2025-04-07 09:03:31] User already logged in, redirecting to dashboard
[2025-04-07 09:04:18] User already logged in, redirecting to dashboard
[2025-04-07 09:04:25] User already logged in, redirecting to dashboard
[2025-04-07 09:04:32] User already logged in, redirecting to dashboard
[2025-04-07 09:10:25] Login attempt for username: admin
[2025-04-07 09:10:25] Login successful for user ID: 1
[2025-04-07 09:10:25] Set session data: {"admin_id":1,"admin_username":"admin","admin_name":"Administrator","admin_login_time":1744017025}
[2025-04-07 09:10:25] User already logged in, redirecting to dashboard
[2025-04-07 09:10:37] User already logged in, redirecting to dashboard
[2025-04-07 09:10:43] User already logged in, redirecting to dashboard
[2025-04-07 09:10:44] User already logged in, redirecting to dashboard
[2025-04-07 09:10:50] User already logged in, redirecting to dashboard
[2025-04-07 09:15:04] Login attempt for username: admin
[2025-04-07 09:15:04] Login successful for user ID: 1
[2025-04-07 09:15:04] Set session data: {"admin_id":1,"admin_username":"admin","admin_name":"Administrator","admin_login_time":1744017304}
[2025-04-07 09:15:04] User already logged in, redirecting to dashboard
[2025-04-07 09:15:10] User already logged in, redirecting to dashboard
[2025-04-07 09:15:13] User already logged in, redirecting to dashboard
[2025-04-07 09:15:17] User already logged in, redirecting to dashboard
[2025-04-07 09:17:47] User already logged in, redirecting to dashboard
[2025-04-07 09:18:16] Login attempt for username: admin
[2025-04-07 09:18:16] Login successful for user ID: 1
[2025-04-07 09:18:16] Set session data: {"admin_id":1,"admin_username":"admin","admin_name":"Administrator","admin_login_time":1744017496}
[2025-04-07 09:18:16] User already logged in, redirecting to dashboard
[2025-04-07 09:18:21] User already logged in, redirecting to dashboard
[2025-04-07 09:18:24] User already logged in, redirecting to dashboard
[2025-04-07 09:18:33] User already logged in, redirecting to dashboard
[2025-04-07 10:33:24] User already logged in, redirecting to dashboard
[2025-04-07 10:33:29] User already logged in, redirecting to dashboard
[2025-04-07 10:37:48] User already logged in, redirecting to dashboard
[2025-04-07 10:38:04] Login attempt for username: admin
[2025-04-07 10:38:04] Login successful for user ID: 1
[2025-04-07 10:38:04] Set session data: {"admin_id":1,"admin_username":"admin","admin_name":"Administrator","admin_login_time":1744022284}
[2025-04-07 10:38:04] User already logged in, redirecting to dashboard
[2025-04-07 10:38:11] User already logged in, redirecting to dashboard
[2025-04-07 10:38:17] User already logged in, redirecting to dashboard
[2025-04-07 10:48:00] Login attempt for username: admin
[2025-04-07 10:48:00] Login successful for user ID: 1
[2025-04-07 10:48:00] Set session data: {"admin_id":1,"admin_username":"admin","admin_name":"Administrator","admin_login_time":1744022880}
[2025-04-07 10:48:00] User already logged in, redirecting to dashboard
[2025-04-07 10:48:06] User already logged in, redirecting to dashboard
[2025-04-07 10:48:17] User already logged in, redirecting to dashboard
[2025-04-07 10:49:20] Login attempt for username: admin
[2025-04-07 10:49:20] Login successful for user ID: 1
[2025-04-07 10:49:20] Set session data: {"admin_id":1,"admin_username":"admin","admin_name":"Administrator","admin_login_time":1744022960}
[2025-04-07 10:49:20] User already logged in, redirecting to dashboard
[2025-04-07 10:49:25] User already logged in, redirecting to dashboard
[2025-04-07 10:49:28] User already logged in, redirecting to dashboard
[2025-04-07 10:49:31] User already logged in, redirecting to dashboard
[2025-04-07 10:49:33] User already logged in, redirecting to dashboard
[2025-04-07 11:28:59] User already logged in, redirecting to dashboard
[2025-04-07 11:29:01] User already logged in, redirecting to dashboard
[2025-04-07 11:29:10] User already logged in, redirecting to dashboard
[2025-04-08 16:38:22] Login attempt for username: admin
[2025-04-08 16:38:22] Login successful for user ID: 1
[2025-04-08 16:38:22] Set session data: {"admin_id":1,"admin_username":"admin","admin_name":"Administrator","admin_login_time":1744130302}
[2025-04-08 16:38:22] User already logged in, redirecting to dashboard
